0	512	1.6	3.2	3.2	4.8	1.6	0	2	0	0
1	512	3.2	4.8	4.8	6.4	1.6	1	1	0	0
2	512	4.8	6.4	6.4	8	1.6	2	2	0	0
3	512	6.4	8	8	9.6	1.6	1	2	0	0
4	512	8	9.6	9.6	11.2	1.6	2	2	0	0
5	512	9.6	11.2	11.2	12.8	1.6	2	1	0	0
6	512	11.2	12.8	12.8	14.4	1.6	2	1	0	0
7	512	12.8	14.4	14.4	16	1.6	1	2	0	0
8	512	14.4	16	16	17.6	1.6	1	2	0	0
9	512	16	17.6	17.6	19.2	1.6	2	2	0	0
10	512	17.6	19.2	19.2	20.8	1.6	2	2	0	0
11	512	19.2	20.8	20.8	22.4	1.6	2	2	0	0
12	512	20.8	22.4	22.4	24	1.6	2	2	0	0
13	512	22.4	24	24	25.6	1.6	2	1	0	0
14	512	24	25.6	25.6	27.2	1.6	2	1	0	0
15	512	25.6	27.2	27.2	28.8	1.6	1	1	0	0
16	512	27.2	28.8	28.8	30.4	1.6	1	2	0	0
17	512	28.8	30.4	30.4	32	1.6	1	2	0	0
18	512	30.4	32	32	33.6	1.6	2	2	0	0
19	512	32	33.6	33.6	35.2	1.6	2	2	0	0
20	512	33.6	35.2	35.2	36.8	1.6	2	2	0	0
21	512	35.2	36.8	36.8	38.4	1.6	2	2	0	0
22	512	36.8	38.4	38.4	40	1.6	2	2	0	0
23	512	38.4	40	40	41.6	1.6	2	2	0	0
24	512	40	41.6	41.6	43.2	1.6	2	2	0	0
25	512	41.6	43.2	43.2	44.8	1.6	2	2	0	0
26	512	43.2	44.8	44.8	46.4	1.6	2	2	0	0
27	512	44.8	46.4	46.4	48	1.6	2	2	0	0
28	512	46.4	48	48	49.6	1.6	2	2	0	0
29	512	48	49.6	49.6	51.2	1.6	2	1	0	0
30	512	49.6	51.2	51.2	52.8	1.6	2	2	0	0
31	512	51.2	52.8	52.8	54.4	1.6	1	2	0	0
32	512	52.8	54.4	54.4	56	1.6	2	1	0	0
33	512	54.4	56	56	57.6	1.6	2	2	0	0
34	512	56	57.6	57.6	59.2	1.6	1	2	0	0
35	512	57.6	59.2	59.2	60.8	1.6	2	2	0	0
36	512	59.2	60.8	60.8	62.4	1.6	2	2	0	0
37	512	60.8	62.4	62.4	64	1.59999999999999	2	2	0	0
38	512	62.4	64	64	65.6	1.59999999999999	2	2	0	0
39	512	64	65.6	65.6	67.2	1.59999999999999	2	2	0	0
40	512	65.6	67.2	67.2	68.8	1.59999999999999	2	2	0	0
41	512	67.2	68.8	68.8	70.4	1.59999999999999	2	2	0	0
42	512	68.8	70.4	70.4	72	1.59999999999999	2	2	0	0
43	512	70.4	72	72	73.6	1.59999999999999	2	2	0	0
44	512	72	73.6	73.6	75.2	1.59999999999999	2	2	0	0
45	512	73.6	75.2	75.2	76.8	1.59999999999999	2	2	0	0
46	512	75.2	76.8	76.8	78.4	1.59999999999999	2	2	0	0
47	512	76.8	78.4	78.4	80	1.59999999999999	2	2	0	0
48	512	78.4	80	80	81.6	1.59999999999999	2	2	0	0
49	512	80	81.6	81.6	83.2	1.59999999999999	2	2	0	0
50	512	81.6	83.2	83.2	84.8	1.59999999999999	2	2	0	0
51	512	83.2	84.8	84.8	86.3999999999999	1.59999999999999	2	2	0	0
52	512	84.8	86.3999999999999	86.3999999999999	87.9999999999999	1.59999999999999	2	2	0	0
53	512	86.3999999999999	87.9999999999999	87.9999999999999	89.5999999999999	1.59999999999999	2	2	0	0
54	512	87.9999999999999	89.5999999999999	89.5999999999999	91.1999999999999	1.59999999999999	2	2	0	0
55	512	89.5999999999999	91.1999999999999	91.1999999999999	92.7999999999999	1.59999999999999	2	2	0	0
56	512	91.1999999999999	92.7999999999999	92.7999999999999	94.3999999999999	1.59999999999999	2	2	0	0
57	512	92.7999999999999	94.3999999999999	94.3999999999999	95.9999999999999	1.59999999999999	2	2	0	0
58	512	94.3999999999999	95.9999999999999	95.9999999999999	97.5999999999999	1.59999999999999	2	2	0	0
59	512	95.9999999999999	97.5999999999999	97.5999999999999	99.1999999999999	1.59999999999999	2	2	0	0
60	512	97.5999999999999	99.1999999999999	99.1999999999999	100.8	1.59999999999999	2	2	0	0
61	512	99.1999999999999	100.8	100.8	102.4	1.59999999999999	2	2	0	0
62	512	100.8	102.4	102.4	104	1.59999999999999	2	2	0	0
63	512	102.4	104	104	105.6	1.59999999999999	2	2	0	0
64	512	104	105.6	105.6	107.2	1.59999999999999	2	2	0	0
65	512	105.6	107.2	107.2	108.8	1.59999999999999	2	2	0	0
66	512	107.2	108.8	108.8	110.4	1.59999999999999	2	2	0	0
67	512	108.8	110.4	110.4	112	1.59999999999999	2	2	0	0
68	512	110.4	112	112	113.6	1.59999999999999	2	2	0	0
69	512	112	113.6	113.6	115.2	1.59999999999999	2	2	0	0
70	512	113.6	115.2	115.2	116.8	1.59999999999999	2	2	0	0
71	512	115.2	116.8	116.8	118.4	1.59999999999999	2	2	0	0
72	512	116.8	118.4	118.4	120	1.59999999999999	2	2	0	0
73	512	118.4	120	120	121.6	1.59999999999999	2	2	0	0
74	512	120	121.6	121.6	123.2	1.59999999999999	2	2	0	0
75	512	121.6	123.2	123.2	124.8	1.59999999999999	2	2	0	0
76	512	123.2	124.8	124.8	126.4	1.59999999999999	2	2	0	0
77	512	124.8	126.4	126.4	128	1.59999999999999	2	2	0	0
78	512	126.4	128	128	129.6	1.59999999999999	2	2	0	0
79	512	128	129.6	129.6	131.2	1.59999999999999	2	1	0	0
80	512	129.6	131.2	131.2	132.8	1.59999999999999	2	1	0	0
81	512	131.2	132.8	132.8	134.4	1.59999999999999	1	1	0	0
82	512	132.8	134.4	134.4	136	1.59999999999999	1	2	0	0
83	512	134.4	136	136	137.6	1.59999999999999	1	1	0	0
84	512	136	137.6	137.6	139.2	1.59999999999999	2	1	0	0
85	512	137.6	139.2	139.2	140.8	1.59999999999999	1	1	0	0
86	512	139.2	140.8	140.8	142.4	1.59999999999999	1	1	0	0
87	512	140.8	142.4	142.4	144	1.59999999999999	1	1	0	0
88	512	142.4	144	144	145.6	1.59999999999999	1	1	0	0
89	512	144	145.6	145.6	147.2	1.59999999999999	1	1	0	0
90	512	145.6	147.2	147.2	148.8	1.59999999999999	1	2	0	0
91	512	147.2	148.8	148.8	150.4	1.59999999999999	1	1	0	0
92	512	148.8	150.4	150.4	152	1.59999999999999	2	2	0	0
93	512	150.4	152	152	153.6	1.59999999999999	1	2	0	0
94	512	152	153.6	153.6	155.2	1.59999999999999	2	1	0	0
95	512	153.6	155.2	155.2	156.8	1.59999999999999	2	2	0	0
96	512	155.2	156.8	156.8	158.4	1.59999999999999	1	1	0	0
97	512	156.8	158.4	158.4	160	1.59999999999999	2	1	0	0
98	512	158.4	160	160	161.6	1.59999999999999	1	1	0	0
99	512	160	161.6	161.6	163.2	1.59999999999999	1	0	0	0
